29/07/2023 09:37:02 PM - INFO: New Delhi (DEL)
Indira Gandhi International
India
29/07/2023 09:37:02 PM - INFO: Mumbai (BOM)
Chhatrapati Shivaji International
India
29/07/2023 09:38:50 PM - INFO: New Delhi (DEL)
Indira Gandhi International
India
29/07/2023 09:38:50 PM - INFO: Mumbai (BOM)
Chhatrapati Shivaji International
India
29/07/2023 09:39:44 PM - INFO: New Delhi (DEL)
Indira Gandhi International
India
29/07/2023 09:39:44 PM - INFO: Mumbai (BOM)
Chhatrapati Shivaji International
India
29/07/2023 09:40:35 PM - INFO: New Delhi (DEL)
Indira Gandhi International
India
29/07/2023 09:40:35 PM - INFO: Mumbai (BOM)
Chhatrapati Shivaji International
India
29/07/2023 09:53:26 PM - INFO: New Delhi (DEL)
Indira Gandhi International
India
29/07/2023 09:53:26 PM - INFO: Mumbai (BOM)
Chhatrapati Shivaji International
India
29/07/2023 09:54:41 PM - INFO: New Delhi (DEL)
Indira Gandhi International
India
29/07/2023 09:54:41 PM - INFO: Mumbai (BOM)
Chhatrapati Shivaji International
India
29/07/2023 09:59:37 PM - INFO: New Delhi (DEL)
Indira Gandhi International
India
29/07/2023 09:59:37 PM - INFO: Mumbai (BOM)
Chhatrapati Shivaji International
India
29/07/2023 10:00:42 PM - INFO: New Delhi (DEL)
Indira Gandhi International
India
29/07/2023 10:00:42 PM - INFO: Mumbai (BOM)
Chhatrapati Shivaji International
India
29/07/2023 10:01:21 PM - INFO: New Delhi (DEL)
Indira Gandhi International
India
29/07/2023 10:01:21 PM - INFO: Mumbai (BOM)
Chhatrapati Shivaji International
India
29/07/2023 10:03:23 PM - INFO: New Delhi (DEL)
Indira Gandhi International
India
29/07/2023 10:03:23 PM - INFO: Mumbai (BOM)
Chhatrapati Shivaji International
India
29/07/2023 10:04:49 PM - INFO: New Delhi (DEL)
Indira Gandhi International
India
29/07/2023 10:04:49 PM - INFO: Mumbai (BOM)
Chhatrapati Shivaji International
India
29/07/2023 10:10:01 PM - INFO: New Delhi (DEL)
Indira Gandhi International
India
29/07/2023 10:10:01 PM - INFO: Mumbai (BOM)
Chhatrapati Shivaji International
India
29/07/2023 10:12:52 PM - INFO: New Delhi (DEL)
Indira Gandhi International
India
29/07/2023 10:12:52 PM - INFO: Mumbai (BOM)
Chhatrapati Shivaji International
India
